Added Component: Designator=C1(RAD-0.3)
Added Component: Designator=C2(RAD-0.3)
Added Component: Designator=C3(RB7.6-15)
Added Component: Designator=DS1(A)
Added Component: Designator=DS2(A)
Added Component: Designator=R1(AXIAL-0.4)
Added Component: Designator=R2(SSOP16_N)
Added Component: Designator=R3(SSOP16_N)
Added Component: Designator=S1(SPST-2)
Added Component: Designator=S2(SPST-2)
Added Component: Designator=S3(SPST-2)
Added Component: Designator=S4(SPST-2)
Added Component: Designator=S5(SPST-2)
Added Component: Designator=S6(SPST-2)
Added Component: Designator=S7(SPST-2)
Added Component: Designator=S8(SPST-2)
Added Component: Designator=S9(SPST-2)
Added Component: Designator=S10(SPST-2)
Added Component: Designator=S11(SPST-2)
Added Component: Designator=S12(SPST-2)
Added Component: Designator=S13(SPST-2)
Added Component: Designator=S14(SPST-2)
Added Component: Designator=S15(SPST-2)
Added Component: Designator=S16(SPST-2)
Added Component: Designator=U1(SOT129-1)
Added Component: Designator=U2(738-03)
Added Component: Designator=U3(710B-01)
Added Component: Designator=U4(710B-01)
Added Component: Designator=U5(646-06)
Added Component: Designator=U6(646-06)
Added Component: Designator=U7(646-06)
Added Component: Designator=U8(646-06)
Added Component: Designator=Y1(R38)
Added Pin To Net: NetName=A0 Pin=U2-2
Added Pin To Net: NetName=A0 Pin=U3-10
Added Pin To Net: NetName=A0 Pin=U4-10
Added Net: Name=A0
Added Pin To Net: NetName=A1 Pin=U2-5
Added Pin To Net: NetName=A1 Pin=U3-9
Added Pin To Net: NetName=A1 Pin=U4-9
Added Net: Name=A1
Added Pin To Net: NetName=A2 Pin=U2-6
Added Pin To Net: NetName=A2 Pin=U3-8
Added Pin To Net: NetName=A2 Pin=U4-8
Added Net: Name=A2
Added Pin To Net: NetName=A3 Pin=U2-9
Added Pin To Net: NetName=A3 Pin=U3-7
Added Pin To Net: NetName=A3 Pin=U4-7
Added Net: Name=A3
Added Pin To Net: NetName=A4 Pin=U2-12
Added Pin To Net: NetName=A4 Pin=U3-6
Added Pin To Net: NetName=A4 Pin=U4-6
Added Net: Name=A4
Added Pin To Net: NetName=A5 Pin=U2-15
Added Pin To Net: NetName=A5 Pin=U3-5
Added Pin To Net: NetName=A5 Pin=U4-5
Added Net: Name=A5
Added Pin To Net: NetName=A6 Pin=U2-16
Added Pin To Net: NetName=A6 Pin=U3-4
Added Pin To Net: NetName=A6 Pin=U4-4
Added Net: Name=A6
Added Pin To Net: NetName=A7 Pin=U2-19
Added Pin To Net: NetName=A7 Pin=U3-3
Added Pin To Net: NetName=A7 Pin=U4-3
Added Net: Name=A7
Added Pin To Net: NetName=A8 Pin=U1-21
Added Pin To Net: NetName=A8 Pin=U3-25
Added Pin To Net: NetName=A8 Pin=U4-25
Added Net: Name=A8
Added Pin To Net: NetName=A9 Pin=U1-22
Added Pin To Net: NetName=A9 Pin=U3-24
Added Pin To Net: NetName=A9 Pin=U4-24
Added Net: Name=A9
Added Pin To Net: NetName=A10 Pin=U1-23
Added Pin To Net: NetName=A10 Pin=U3-21
Added Pin To Net: NetName=A10 Pin=U4-21
Added Net: Name=A10
Added Pin To Net: NetName=A11 Pin=U1-24
Added Pin To Net: NetName=A11 Pin=U3-23
Added Pin To Net: NetName=A11 Pin=U4-23
Added Net: Name=A11
Added Pin To Net: NetName=A12 Pin=U1-25
Added Pin To Net: NetName=A12 Pin=U3-2
Added Pin To Net: NetName=A12 Pin=U4-2
Added Net: Name=A12
Added Pin To Net: NetName=D0 Pin=U1-39
Added Pin To Net: NetName=D0 Pin=U2-3
Added Pin To Net: NetName=D0 Pin=U3-11
Added Pin To Net: NetName=D0 Pin=U4-11
Added Net: Name=D0
Added Pin To Net: NetName=D1 Pin=U1-38
Added Pin To Net: NetName=D1 Pin=U2-4
Added Pin To Net: NetName=D1 Pin=U3-12
Added Pin To Net: NetName=D1 Pin=U4-12
Added Net: Name=D1
Added Pin To Net: NetName=D2 Pin=U1-37
Added Pin To Net: NetName=D2 Pin=U2-7
Added Pin To Net: NetName=D2 Pin=U3-13
Added Pin To Net: NetName=D2 Pin=U4-13
Added Net: Name=D2
Added Pin To Net: NetName=D3 Pin=U1-36
Added Pin To Net: NetName=D3 Pin=U2-8
Added Pin To Net: NetName=D3 Pin=U3-15
Added Pin To Net: NetName=D3 Pin=U4-15
Added Net: Name=D3
Added Pin To Net: NetName=D4 Pin=U1-35
Added Pin To Net: NetName=D4 Pin=U2-13
Added Pin To Net: NetName=D4 Pin=U3-16
Added Pin To Net: NetName=D4 Pin=U4-16
Added Net: Name=D4
Added Pin To Net: NetName=D5 Pin=U1-34
Added Pin To Net: NetName=D5 Pin=U2-14
Added Pin To Net: NetName=D5 Pin=U3-17
Added Pin To Net: NetName=D5 Pin=U4-17
Added Net: Name=D5
Added Pin To Net: NetName=D6 Pin=U1-33
Added Pin To Net: NetName=D6 Pin=U2-17
Added Pin To Net: NetName=D6 Pin=U3-18
Added Pin To Net: NetName=D6 Pin=U4-18
Added Net: Name=D6
Added Pin To Net: NetName=D7 Pin=U1-32
Added Pin To Net: NetName=D7 Pin=U2-18
Added Pin To Net: NetName=D7 Pin=U3-19
Added Pin To Net: NetName=D7 Pin=U4-19
Added Net: Name=D7
Added Pin To Net: NetName=GND Pin=C1-1
Added Pin To Net: NetName=GND Pin=C2-1
Added Pin To Net: NetName=GND Pin=R1-1
Added Pin To Net: NetName=GND Pin=U2-1
Added Pin To Net: NetName=GND Pin=U2-10
Added Pin To Net: NetName=GND Pin=U3-14
Added Pin To Net: NetName=GND Pin=U4-14
Added Pin To Net: NetName=GND Pin=U5-7
Added Pin To Net: NetName=GND Pin=U7-7
Added Pin To Net: NetName=GND Pin=U8-7
Added Net: Name=GND
Added Pin To Net: NetName=NetC1_2 Pin=C1-2
Added Pin To Net: NetName=NetC1_2 Pin=U1-19
Added Pin To Net: NetName=NetC1_2 Pin=Y1-2
Added Net: Name=NetC1_2
Added Pin To Net: NetName=NetC2_2 Pin=C2-2
Added Pin To Net: NetName=NetC2_2 Pin=U1-18
Added Pin To Net: NetName=NetC2_2 Pin=Y1-1
Added Net: Name=NetC2_2
Added Pin To Net: NetName=NetC3_2 Pin=C3-2
Added Pin To Net: NetName=NetC3_2 Pin=R1-2
Added Pin To Net: NetName=NetC3_2 Pin=U1-9
Added Net: Name=NetC3_2
Added Pin To Net: NetName=NetDS1_2 Pin=DS1-2
Added Pin To Net: NetName=NetDS1_2 Pin=R2-11
Added Net: Name=NetDS1_2
Added Pin To Net: NetName=NetDS1_3 Pin=DS1-3
Added Pin To Net: NetName=NetDS1_3 Pin=R2-10
Added Net: Name=NetDS1_3
Added Pin To Net: NetName=NetDS1_4 Pin=DS1-4
Added Pin To Net: NetName=NetDS1_4 Pin=R2-12
Added Net: Name=NetDS1_4
Added Pin To Net: NetName=NetDS1_5 Pin=DS1-5
Added Pin To Net: NetName=NetDS1_5 Pin=R2-13
Added Net: Name=NetDS1_5
Added Pin To Net: NetName=NetDS1_7 Pin=DS1-7
Added Pin To Net: NetName=NetDS1_7 Pin=R2-9
Added Net: Name=NetDS1_7
Added Pin To Net: NetName=NetDS1_8 Pin=DS1-8
Added Pin To Net: NetName=NetDS1_8 Pin=R2-14
Added Net: Name=NetDS1_8
Added Pin To Net: NetName=NetDS1_9 Pin=DS1-9
Added Pin To Net: NetName=NetDS1_9 Pin=R2-15
Added Net: Name=NetDS1_9
Added Pin To Net: NetName=NetDS1_10 Pin=DS1-10
Added Pin To Net: NetName=NetDS1_10 Pin=R2-16
Added Net: Name=NetDS1_10
Added Pin To Net: NetName=NetDS2_2 Pin=DS2-2
Added Pin To Net: NetName=NetDS2_2 Pin=R3-11
Added Net: Name=NetDS2_2
Added Pin To Net: NetName=NetDS2_3 Pin=DS2-3
Added Pin To Net: NetName=NetDS2_3 Pin=R3-10
Added Net: Name=NetDS2_3
Added Pin To Net: NetName=NetDS2_4 Pin=DS2-4
Added Pin To Net: NetName=NetDS2_4 Pin=R3-12
Added Net: Name=NetDS2_4
Added Pin To Net: NetName=NetDS2_5 Pin=DS2-5
Added Pin To Net: NetName=NetDS2_5 Pin=R3-13
Added Net: Name=NetDS2_5
Added Pin To Net: NetName=NetDS2_7 Pin=DS2-7
Added Pin To Net: NetName=NetDS2_7 Pin=R3-9
Added Net: Name=NetDS2_7
Added Pin To Net: NetName=NetDS2_8 Pin=DS2-8
Added Pin To Net: NetName=NetDS2_8 Pin=R3-14
Added Net: Name=NetDS2_8
Added Pin To Net: NetName=NetDS2_9 Pin=DS2-9
Added Pin To Net: NetName=NetDS2_9 Pin=R3-15
Added Net: Name=NetDS2_9
Added Pin To Net: NetName=NetDS2_10 Pin=DS2-10
Added Pin To Net: NetName=NetDS2_10 Pin=R3-16
Added Net: Name=NetDS2_10
Added Pin To Net: NetName=NetR2_1 Pin=R2-1
Added Pin To Net: NetName=NetR2_1 Pin=U8-3
Added Net: Name=NetR2_1
Added Pin To Net: NetName=NetR2_2 Pin=R2-2
Added Pin To Net: NetName=NetR2_2 Pin=U8-4
Added Net: Name=NetR2_2
Added Pin To Net: NetName=NetR2_3 Pin=R2-3
Added Pin To Net: NetName=NetR2_3 Pin=U8-5
Added Net: Name=NetR2_3
Added Pin To Net: NetName=NetR2_4 Pin=R2-4
Added Pin To Net: NetName=NetR2_4 Pin=U8-6
Added Net: Name=NetR2_4
Added Pin To Net: NetName=NetR2_5 Pin=R2-5
Added Pin To Net: NetName=NetR2_5 Pin=U8-10
Added Net: Name=NetR2_5
Added Pin To Net: NetName=NetR2_6 Pin=R2-6
Added Pin To Net: NetName=NetR2_6 Pin=U8-11
Added Net: Name=NetR2_6
Added Pin To Net: NetName=NetR2_7 Pin=R2-7
Added Pin To Net: NetName=NetR2_7 Pin=U8-12
Added Net: Name=NetR2_7
Added Pin To Net: NetName=NetR2_8 Pin=R2-8
Added Pin To Net: NetName=NetR2_8 Pin=U7-1
Added Pin To Net: NetName=NetR2_8 Pin=U7-2
Added Pin To Net: NetName=NetR2_8 Pin=U8-13
Added Net: Name=NetR2_8
Added Pin To Net: NetName=NetR3_1 Pin=R3-1
Added Pin To Net: NetName=NetR3_1 Pin=U7-3
Added Net: Name=NetR3_1
Added Pin To Net: NetName=NetR3_2 Pin=R3-2
Added Pin To Net: NetName=NetR3_2 Pin=U7-4
Added Net: Name=NetR3_2
Added Pin To Net: NetName=NetR3_3 Pin=R3-3
Added Pin To Net: NetName=NetR3_3 Pin=U7-5
Added Net: Name=NetR3_3
Added Pin To Net: NetName=NetR3_4 Pin=R3-4
Added Pin To Net: NetName=NetR3_4 Pin=U7-6
Added Net: Name=NetR3_4
Added Pin To Net: NetName=NetR3_5 Pin=R3-5
Added Pin To Net: NetName=NetR3_5 Pin=U7-10
Added Net: Name=NetR3_5
Added Pin To Net: NetName=NetR3_6 Pin=R3-6
Added Pin To Net: NetName=NetR3_6 Pin=U7-11
Added Net: Name=NetR3_6
Added Pin To Net: NetName=NetR3_7 Pin=R3-7
Added Pin To Net: NetName=NetR3_7 Pin=U7-12
Added Net: Name=NetR3_7
Added Pin To Net: NetName=NetR3_8 Pin=R3-8
Added Pin To Net: NetName=NetR3_8 Pin=U7-13
Added Net: Name=NetR3_8
Added Pin To Net: NetName=NetS1_1 Pin=S1-1
Added Pin To Net: NetName=NetS1_1 Pin=S9-1
Added Pin To Net: NetName=NetS1_1 Pin=U6-3
Added Net: Name=NetS1_1
Added Pin To Net: NetName=NetS1_2 Pin=S1-2
Added Pin To Net: NetName=NetS1_2 Pin=S2-2
Added Pin To Net: NetName=NetS1_2 Pin=S3-2
Added Pin To Net: NetName=NetS1_2 Pin=S4-2
Added Pin To Net: NetName=NetS1_2 Pin=S5-2
Added Pin To Net: NetName=NetS1_2 Pin=S6-2
Added Pin To Net: NetName=NetS1_2 Pin=S7-2
Added Pin To Net: NetName=NetS1_2 Pin=S8-2
Added Pin To Net: NetName=NetS1_2 Pin=U1-1
Added Net: Name=NetS1_2
Added Pin To Net: NetName=NetS2_1 Pin=S2-1
Added Pin To Net: NetName=NetS2_1 Pin=S10-1
Added Pin To Net: NetName=NetS2_1 Pin=U6-4
Added Net: Name=NetS2_1
Added Pin To Net: NetName=NetS3_1 Pin=S3-1
Added Pin To Net: NetName=NetS3_1 Pin=S11-1
Added Pin To Net: NetName=NetS3_1 Pin=U6-5
Added Net: Name=NetS3_1
Added Pin To Net: NetName=NetS4_1 Pin=S4-1
Added Pin To Net: NetName=NetS4_1 Pin=S12-1
Added Pin To Net: NetName=NetS4_1 Pin=U6-6
Added Net: Name=NetS4_1
Added Pin To Net: NetName=NetS5_1 Pin=S5-1
Added Pin To Net: NetName=NetS5_1 Pin=S13-1
Added Pin To Net: NetName=NetS5_1 Pin=U6-10
Added Net: Name=NetS5_1
Added Pin To Net: NetName=NetS6_1 Pin=S6-1
Added Pin To Net: NetName=NetS6_1 Pin=S14-1
Added Pin To Net: NetName=NetS6_1 Pin=U6-11
Added Net: Name=NetS6_1
Added Pin To Net: NetName=NetS7_1 Pin=S7-1
Added Pin To Net: NetName=NetS7_1 Pin=S15-1
Added Pin To Net: NetName=NetS7_1 Pin=U6-12
Added Net: Name=NetS7_1
Added Pin To Net: NetName=NetS8_1 Pin=S8-1
Added Pin To Net: NetName=NetS8_1 Pin=S16-1
Added Pin To Net: NetName=NetS8_1 Pin=U6-13
Added Net: Name=NetS8_1
Added Pin To Net: NetName=NetS9_2 Pin=S9-2
Added Pin To Net: NetName=NetS9_2 Pin=S10-2
Added Pin To Net: NetName=NetS9_2 Pin=S11-2
Added Pin To Net: NetName=NetS9_2 Pin=S12-2
Added Pin To Net: NetName=NetS9_2 Pin=S13-2
Added Pin To Net: NetName=NetS9_2 Pin=S14-2
Added Pin To Net: NetName=NetS9_2 Pin=S15-2
Added Pin To Net: NetName=NetS9_2 Pin=S16-2
Added Pin To Net: NetName=NetS9_2 Pin=U1-2
Added Net: Name=NetS9_2
Added Pin To Net: NetName=NetU1_3 Pin=U1-3
Added Pin To Net: NetName=NetU1_3 Pin=U5-2
Added Net: Name=NetU1_3
Added Pin To Net: NetName=NetU1_10 Pin=U1-10
Added Pin To Net: NetName=NetU1_10 Pin=U6-1
Added Pin To Net: NetName=NetU1_10 Pin=U6-2
Added Pin To Net: NetName=NetU1_10 Pin=U8-1
Added Pin To Net: NetName=NetU1_10 Pin=U8-2
Added Net: Name=NetU1_10
Added Pin To Net: NetName=NetU1_11 Pin=U1-11
Added Pin To Net: NetName=NetU1_11 Pin=U5-1
Added Pin To Net: NetName=NetU1_11 Pin=U6-8
Added Net: Name=NetU1_11
Added Pin To Net: NetName=NetU1_16 Pin=U1-16
Added Pin To Net: NetName=NetU1_16 Pin=U3-27
Added Pin To Net: NetName=NetU1_16 Pin=U4-27
Added Net: Name=NetU1_16
Added Pin To Net: NetName=NetU1_17 Pin=U1-17
Added Pin To Net: NetName=NetU1_17 Pin=U3-22
Added Pin To Net: NetName=NetU1_17 Pin=U4-22
Added Net: Name=NetU1_17
Added Pin To Net: NetName=NetU1_27 Pin=U1-27
Added Pin To Net: NetName=NetU1_27 Pin=U3-20
Added Net: Name=NetU1_27
Added Pin To Net: NetName=NetU1_28 Pin=U1-28
Added Pin To Net: NetName=NetU1_28 Pin=U4-20
Added Net: Name=NetU1_28
Added Pin To Net: NetName=NetU1_30 Pin=U1-30
Added Pin To Net: NetName=NetU1_30 Pin=U2-11
Added Net: Name=NetU1_30
Added Pin To Net: NetName=NetU5_3 Pin=U5-3
Added Pin To Net: NetName=NetU5_3 Pin=U7-8
Added Pin To Net: NetName=NetU5_3 Pin=U8-8
Added Net: Name=NetU5_3
Added Pin To Net: NetName=VCC Pin=C3-1
Added Pin To Net: NetName=VCC Pin=DS1-1
Added Pin To Net: NetName=VCC Pin=DS1-6
Added Pin To Net: NetName=VCC Pin=DS2-1
Added Pin To Net: NetName=VCC Pin=DS2-6
Added Pin To Net: NetName=VCC Pin=U1-20
Added Pin To Net: NetName=VCC Pin=U1-31
Added Pin To Net: NetName=VCC Pin=U1-40
Added Pin To Net: NetName=VCC Pin=U2-20
Added Pin To Net: NetName=VCC Pin=U3-26
Added Pin To Net: NetName=VCC Pin=U3-28
Added Pin To Net: NetName=VCC Pin=U4-26
Added Pin To Net: NetName=VCC Pin=U4-28
Added Pin To Net: NetName=VCC Pin=U5-14
Added Pin To Net: NetName=VCC Pin=U6-9
Added Pin To Net: NetName=VCC Pin=U6-14
Added Pin To Net: NetName=VCC Pin=U7-9
Added Pin To Net: NetName=VCC Pin=U7-14
Added Pin To Net: NetName=VCC Pin=U8-9
Added Pin To Net: NetName=VCC Pin=U8-14
Added Net: Name=VCC
Added Class: Name=U_单片机系统电路symbol
Added Class: Name=U_扩展存储器电路symbol
Added Class: Name=U_显示及键盘电路symbol
Added Class: Name=A[0..12]
Added Class: Name=D[0..7]
Added Room: Name=U_单片机系统电路symbol
Added Room: Name=U_扩展存储器电路symbol
Added Room: Name=U_显示及键盘电路symbol
