Change Component Designator: Old Designator=C? New Designator=C1
Change Component Designator: Old Designator=C? New Designator=C2
Change Component Designator: Old Designator=C? New Designator=C3
Change Component Designator: Old Designator=C? New Designator=C4
Change Component Designator: Old Designator=C? New Designator=C5
Change Component Designator: Old Designator=D? New Designator=D1
Change Component Designator: Old Designator=DS? New Designator=DS1
Change Component Designator: Old Designator=DS? New Designator=DS2
Change Component Designator: Old Designator=DS? New Designator=DS3
Change Component Designator: Old Designator=DS? New Designator=DS4
Change Component Designator: Old Designator=DS? New Designator=DS5
Change Component Designator: Old Designator=DS? New Designator=DS6
Change Component Designator: Old Designator=DS? New Designator=DS7
Change Component Designator: Old Designator=DS? New Designator=DS8
Change Component Designator: Old Designator=P? New Designator=P1
Change Component Designator: Old Designator=R? New Designator=R1
Change Component Designator: Old Designator=R? New Designator=R2
Change Component Designator: Old Designator=S? New Designator=S1
Change Component Designator: Old Designator=U? New Designator=U1
Change Component Designator: Old Designator=U? New Designator=U2
Change Component Designator: Old Designator=Y? New Designator=Y1
