Added Component: Designator=C6(RB7.6-15)
Added Component: Designator=C7(RB7.6-15)
Added Component: Designator=C8(RAD-0.3)
Added Component: Designator=C9(RAD-0.3)
Added Component: Designator=C10(RB7.6-15)
Added Component: Designator=D2(DO-41)
Added Component: Designator=D3(LED-1)
Added Component: Designator=D4(LED-1)
Added Component: Designator=D5(LED-1)
Added Component: Designator=D6(LED-1)
Added Component: Designator=D7(LED-1)
Added Component: Designator=D8(LED-1)
Added Component: Designator=D9(LED-1)
Added Component: Designator=D10(LED-1)
Added Component: Designator=P2(HDR1X2)
Added Component: Designator=R3(SSOP16_N)
Added Component: Designator=R4(AXIAL-0.4)
Added Component: Designator=S2(SPST-2)
Added Component: Designator=U3(221A-04)
Added Component: Designator=U4(SOT129-1)
Added Component: Designator=Y2(R38)
Added Pin To Net: NetName=GND Pin=C6-2
Added Pin To Net: NetName=GND Pin=C7-2
Added Pin To Net: NetName=GND Pin=C8-1
Added Pin To Net: NetName=GND Pin=C9-1
Added Pin To Net: NetName=VCC Pin=C10-1
Added Pin To Net: NetName=P10 Pin=D3-2
Added Pin To Net: NetName=P11 Pin=D4-2
Added Pin To Net: NetName=P12 Pin=D5-2
Added Pin To Net: NetName=P13 Pin=D6-2
Added Pin To Net: NetName=P14 Pin=D7-2
Added Pin To Net: NetName=P15 Pin=D8-2
Added Pin To Net: NetName=P16 Pin=D9-2
Added Pin To Net: NetName=P17 Pin=D10-2
Added Pin To Net: NetName=GND Pin=P2-2
Added Pin To Net: NetName=VCC Pin=R3-16
Added Pin To Net: NetName=GND Pin=R4-1
Added Pin To Net: NetName=VCC Pin=S2-1
Added Pin To Net: NetName=GND Pin=U3-2
Added Pin To Net: NetName=P10 Pin=U4-1
Added Pin To Net: NetName=P11 Pin=U4-2
Added Pin To Net: NetName=P12 Pin=U4-3
Added Pin To Net: NetName=P13 Pin=U4-4
Added Pin To Net: NetName=P14 Pin=U4-5
Added Pin To Net: NetName=P15 Pin=U4-6
Added Pin To Net: NetName=P16 Pin=U4-7
Added Pin To Net: NetName=P17 Pin=U4-8
Added Pin To Net: NetName=GND Pin=U4-20
Added Pin To Net: NetName=VCC Pin=U4-31
Added Pin To Net: NetName=VCC Pin=U4-40
Added Pin To Net: NetName=NetC6_1 Pin=C6-1
Added Pin To Net: NetName=NetC6_1 Pin=D2-2
Added Pin To Net: NetName=NetC6_1 Pin=U3-1
Added Net: Name=NetC6_1
Added Pin To Net: NetName=NetC7_1 Pin=C7-1
Added Pin To Net: NetName=NetC7_1 Pin=U3-3
Added Net: Name=NetC7_1
Added Pin To Net: NetName=NetC8_2 Pin=C8-2
Added Pin To Net: NetName=NetC8_2 Pin=U4-19
Added Pin To Net: NetName=NetC8_2 Pin=Y2-1
Added Net: Name=NetC8_2
Added Pin To Net: NetName=NetC9_2 Pin=C9-2
Added Pin To Net: NetName=NetC9_2 Pin=U4-18
Added Pin To Net: NetName=NetC9_2 Pin=Y2-2
Added Net: Name=NetC9_2
Added Pin To Net: NetName=NetC10_2 Pin=C10-2
Added Pin To Net: NetName=NetC10_2 Pin=R4-2
Added Pin To Net: NetName=NetC10_2 Pin=S2-2
Added Pin To Net: NetName=NetC10_2 Pin=U4-9
Added Net: Name=NetC10_2
Added Pin To Net: NetName=NetD2_1 Pin=D2-1
Added Pin To Net: NetName=NetD2_1 Pin=P2-1
Added Net: Name=NetD2_1
Added Pin To Net: NetName=NetD3_1 Pin=D3-1
Added Pin To Net: NetName=NetD3_1 Pin=R3-1
Added Net: Name=NetD3_1
Added Pin To Net: NetName=NetD4_1 Pin=D4-1
Added Pin To Net: NetName=NetD4_1 Pin=R3-2
Added Net: Name=NetD4_1
Added Pin To Net: NetName=NetD5_1 Pin=D5-1
Added Pin To Net: NetName=NetD5_1 Pin=R3-3
Added Net: Name=NetD5_1
Added Pin To Net: NetName=NetD6_1 Pin=D6-1
Added Pin To Net: NetName=NetD6_1 Pin=R3-4
Added Net: Name=NetD6_1
Added Pin To Net: NetName=NetD7_1 Pin=D7-1
Added Pin To Net: NetName=NetD7_1 Pin=R3-5
Added Net: Name=NetD7_1
Added Pin To Net: NetName=NetD8_1 Pin=D8-1
Added Pin To Net: NetName=NetD8_1 Pin=R3-6
Added Net: Name=NetD8_1
Added Pin To Net: NetName=NetD9_1 Pin=D9-1
Added Pin To Net: NetName=NetD9_1 Pin=R3-7
Added Net: Name=NetD9_1
Added Pin To Net: NetName=NetD10_1 Pin=D10-1
Added Pin To Net: NetName=NetD10_1 Pin=R3-8
Added Net: Name=NetD10_1
Added Class: Name=通信工程(专升本)2101-210806300163-李烨攀-单片机控制流水灯电路
Added Room: Name=通信工程(专升本)2101-210806300163-李烨攀-单片机控制流水灯电路
