Removed Pin From Net: NetName=NetDS1_1 Pin=R4-1
Removed Pin From Net: NetName=NetDS2_1 Pin=R4-2
Removed Pin From Net: NetName=NetDS3_1 Pin=R4-3
Removed Pin From Net: NetName=NetDS4_1 Pin=R4-4
Removed Pin From Net: NetName=NetDS5_1 Pin=R4-5
Removed Pin From Net: NetName=NetDS6_1 Pin=R4-6
Removed Pin From Net: NetName=NetDS7_1 Pin=R4-7
Removed Pin From Net: NetName=NetDS8_1 Pin=R4-8
Removed Pin From Net: NetName=VCC Pin=R4-16
Removed Pin From Net: NetName=GND Pin=R6-1
Removed Pin From Net: NetName=NetC5_2 Pin=R6-2
Removed Member From Class: ClassName=单片机控制流水灯电路 Member=R4
Removed Member From Class: ClassName=单片机控制流水灯电路 Member=R6
Added Component: Designator=R1(SSOP16_N)
Added Component: Designator=R2(AXIAL-0.4)
Added Pin To Net: NetName=NetDS1_1 Pin=R1-1
Added Pin To Net: NetName=NetDS2_1 Pin=R1-2
Added Pin To Net: NetName=NetDS3_1 Pin=R1-3
Added Pin To Net: NetName=NetDS4_1 Pin=R1-4
Added Pin To Net: NetName=NetDS5_1 Pin=R1-5
Added Pin To Net: NetName=NetDS6_1 Pin=R1-6
Added Pin To Net: NetName=NetDS7_1 Pin=R1-7
Added Pin To Net: NetName=NetDS8_1 Pin=R1-8
Added Pin To Net: NetName=VCC Pin=R1-16
Added Pin To Net: NetName=GND Pin=R2-1
Added Pin To Net: NetName=NetC5_2 Pin=R2-2
Added Member To Class: ClassName=单片机控制流水灯电路 Member=Component R1 Res Pack4
Added Member To Class: ClassName=单片机控制流水灯电路 Member=Component R2 Res2
