Added Component: Designator=C1(RB7.6-15)
Added Component: Designator=C2(RB7.6-15)
Added Component: Designator=C3(RAD-0.3)
Added Component: Designator=C4(RAD-0.3)
Added Component: Designator=C5(RB7.6-15)
Added Component: Designator=D1(DO-41)
Added Component: Designator=DS1(LED-1)
Added Component: Designator=DS2(LED-1)
Added Component: Designator=DS3(LED-1)
Added Component: Designator=DS4(LED-1)
Added Component: Designator=DS5(LED-1)
Added Component: Designator=DS6(LED-1)
Added Component: Designator=DS7(LED-1)
Added Component: Designator=DS8(LED-1)
Added Component: Designator=P1(HDR1X2)
Added Component: Designator=R4(SSOP16_N)
Added Component: Designator=R6(AXIAL-0.4)
Added Component: Designator=S1(SPST-2)
Added Component: Designator=Y1(R38)
Added Pin To Net: NetName=GND Pin=C1-2
Added Pin To Net: NetName=GND Pin=C2-2
Added Pin To Net: NetName=GND Pin=C3-1
Added Pin To Net: NetName=GND Pin=C4-1
Added Pin To Net: NetName=GND Pin=P1-2
Added Pin To Net: NetName=GND Pin=R6-1
Added Net: Name=GND
Added Pin To Net: NetName=NetC1_1 Pin=C1-1
Added Pin To Net: NetName=NetC1_1 Pin=D1-2
Added Net: Name=NetC1_1
Added Pin To Net: NetName=NetC2_1 Pin=C2-1
Added Net: Name=NetC2_1
Added Pin To Net: NetName=NetC3_2 Pin=C3-2
Added Pin To Net: NetName=NetC3_2 Pin=Y1-1
Added Net: Name=NetC3_2
Added Pin To Net: NetName=NetC4_2 Pin=C4-2
Added Pin To Net: NetName=NetC4_2 Pin=Y1-2
Added Net: Name=NetC4_2
Added Pin To Net: NetName=NetC5_2 Pin=C5-2
Added Pin To Net: NetName=NetC5_2 Pin=R6-2
Added Pin To Net: NetName=NetC5_2 Pin=S1-2
Added Net: Name=NetC5_2
Added Pin To Net: NetName=NetD1_1 Pin=D1-1
Added Pin To Net: NetName=NetD1_1 Pin=P1-1
Added Net: Name=NetD1_1
Added Pin To Net: NetName=NetDS1_1 Pin=DS1-1
Added Pin To Net: NetName=NetDS1_1 Pin=R4-1
Added Net: Name=NetDS1_1
Added Pin To Net: NetName=NetDS2_1 Pin=DS2-1
Added Pin To Net: NetName=NetDS2_1 Pin=R4-2
Added Net: Name=NetDS2_1
Added Pin To Net: NetName=NetDS3_1 Pin=DS3-1
Added Pin To Net: NetName=NetDS3_1 Pin=R4-3
Added Net: Name=NetDS3_1
Added Pin To Net: NetName=NetDS4_1 Pin=DS4-1
Added Pin To Net: NetName=NetDS4_1 Pin=R4-4
Added Net: Name=NetDS4_1
Added Pin To Net: NetName=NetDS5_1 Pin=DS5-1
Added Pin To Net: NetName=NetDS5_1 Pin=R4-5
Added Net: Name=NetDS5_1
Added Pin To Net: NetName=NetDS6_1 Pin=DS6-1
Added Pin To Net: NetName=NetDS6_1 Pin=R4-6
Added Net: Name=NetDS6_1
Added Pin To Net: NetName=NetDS7_1 Pin=DS7-1
Added Pin To Net: NetName=NetDS7_1 Pin=R4-7
Added Net: Name=NetDS7_1
Added Pin To Net: NetName=NetDS8_1 Pin=DS8-1
Added Pin To Net: NetName=NetDS8_1 Pin=R4-8
Added Net: Name=NetDS8_1
Added Pin To Net: NetName=P10 Pin=DS1-2
Added Net: Name=P10
Added Pin To Net: NetName=P11 Pin=DS2-2
Added Net: Name=P11
Added Pin To Net: NetName=P12 Pin=DS3-2
Added Net: Name=P12
Added Pin To Net: NetName=P13 Pin=DS4-2
Added Net: Name=P13
Added Pin To Net: NetName=P14 Pin=DS5-2
Added Net: Name=P14
Added Pin To Net: NetName=P15 Pin=DS6-2
Added Net: Name=P15
Added Pin To Net: NetName=P16 Pin=DS7-2
Added Net: Name=P16
Added Pin To Net: NetName=P17 Pin=DS8-2
Added Net: Name=P17
Added Pin To Net: NetName=VCC Pin=C5-1
Added Pin To Net: NetName=VCC Pin=R4-16
Added Pin To Net: NetName=VCC Pin=S1-1
Added Net: Name=VCC
Added Class: Name=单片机控制流水灯电路
Added Room: Name=单片机控制流水灯电路
